TN:
SF:./mezr.js
FN:15,(anonymous_1)
FN:60,typeOf
FN:75,toFloat
FN:88,mergeObjects
FN:122,getStyle
FN:139,getRect
FN:173,getOverlap
FN:195,getNorthwestOffset
FN:258,getDimension
FN:340,getWidth
FN:360,getHeight
FN:381,getOffset
FN:451,getOffsetParent
FN:487,getDistance
FN:516,checkOverlap
FN:596,getPlace
FN:650,(anonymous_17)
FN:717,(anonymous_18)
FN:743,(anonymous_19)
FNF:19
FNH:16
FNDA:1,(anonymous_1)
FNDA:56,typeOf
FNDA:196,toFloat
FNDA:4,mergeObjects
FNDA:183,getStyle
FNDA:6,getRect
FNDA:0,getOverlap
FNDA:2,getNorthwestOffset
FNDA:42,getDimension
FNDA:21,getWidth
FNDA:21,getHeight
FNDA:26,getOffset
FNDA:22,getOffsetParent
FNDA:4,getDistance
FNDA:0,checkOverlap
FNDA:2,getPlace
FNDA:2,(anonymous_17)
FNDA:4,(anonymous_18)
FNDA:0,(anonymous_19)
DA:15,1
DA:18,1
DA:33,1
DA:60,1
DA:62,56
DA:63,56
DA:64,56
DA:75,1
DA:77,196
DA:88,1
DA:90,4
DA:98,4
DA:99,6
DA:100,28
DA:101,28
DA:102,28
DA:103,28
DA:110,4
DA:122,1
DA:124,183
DA:139,1
DA:141,6
DA:142,2
DA:145,4
DA:150,4
DA:151,0
DA:154,4
DA:155,4
DA:156,4
DA:157,4
DA:158,4
DA:159,4
DA:173,1
DA:175,0
DA:176,0
DA:178,0
DA:195,1
DA:197,2
DA:205,2
DA:211,1
DA:212,1
DA:213,1
DA:214,1
DA:215,1
DA:217,1
DA:218,1
DA:221,1
DA:222,1
DA:225,1
DA:227,0
DA:231,1
DA:235,2
DA:258,1
DA:260,42
DA:273,42
DA:275,4
DA:278,38
DA:280,4
DA:281,2
DA:282,2
DA:284,2
DA:290,34
DA:291,34
DA:292,34
DA:294,34
DA:295,10
DA:296,0
DA:299,10
DA:300,10
DA:301,10
DA:305,34
DA:306,22
DA:307,22
DA:310,34
DA:311,22
DA:312,22
DA:315,34
DA:316,4
DA:317,4
DA:322,42
DA:340,1
DA:342,21
DA:360,1
DA:362,21
DA:381,1
DA:383,26
DA:393,26
DA:395,0
DA:396,0
DA:404,26
DA:406,26
DA:407,26
DA:408,26
DA:413,26
DA:414,11
DA:415,11
DA:421,26
DA:422,10
DA:423,10
DA:428,26
DA:451,1
DA:453,22
DA:462,22
DA:463,3
DA:466,22
DA:487,1
DA:489,4
DA:491,4
DA:492,4
DA:494,4
DA:495,4
DA:496,4
DA:498,4
DA:516,1
DA:518,0
DA:529,0
DA:530,0
DA:536,0
DA:554,0
DA:555,0
DA:556,0
DA:557,0
DA:558,0
DA:559,0
DA:560,0
DA:563,0
DA:596,1
DA:598,2
DA:615,2
DA:616,2
DA:621,2
DA:622,2
DA:627,2
DA:628,0
DA:629,0
DA:630,0
DA:631,0
DA:632,0
DA:633,0
DA:634,0
DA:638,2
DA:650,1
DA:652,2
DA:661,2
DA:663,2
DA:665,14
DA:666,14
DA:671,14
DA:672,0
DA:679,14
DA:680,4
DA:681,4
DA:682,4
DA:683,4
DA:689,14
DA:690,4
DA:696,14
DA:697,0
DA:702,2
DA:717,1
DA:719,4
DA:721,4
DA:743,1
DA:745,0
DA:760,0
DA:765,0
DA:766,0
DA:768,0
DA:769,0
DA:775,0
DA:776,0
DA:781,0
DA:782,0
DA:788,0
DA:789,0
DA:797,0
DA:798,0
DA:804,0
DA:805,0
DA:808,0
DA:815,1
LF:181
LH:135
BRDA:63,1,0,28
BRDA:63,1,1,28
BRDA:64,2,0,2
BRDA:64,2,1,54
BRDA:77,3,0,196
BRDA:77,3,1,98
BRDA:100,4,0,28
BRDA:100,4,1,0
BRDA:103,5,0,2
BRDA:103,5,1,26
BRDA:104,6,0,0
BRDA:104,6,1,26
BRDA:141,7,0,2
BRDA:141,7,1,4
BRDA:150,8,0,0
BRDA:150,8,1,4
BRDA:155,9,0,0
BRDA:155,9,1,4
BRDA:155,10,0,4
BRDA:155,10,1,4
BRDA:205,11,0,1
BRDA:205,11,1,1
BRDA:217,12,0,1
BRDA:217,12,1,0
BRDA:217,13,0,1
BRDA:217,13,1,0
BRDA:218,14,0,0
BRDA:218,14,1,1
BRDA:221,15,0,1
BRDA:221,15,1,0
BRDA:221,16,0,1
BRDA:221,16,1,0
BRDA:222,17,0,0
BRDA:222,17,1,1
BRDA:225,18,0,0
BRDA:225,18,1,1
BRDA:231,19,0,1
BRDA:231,19,1,0
BRDA:263,20,0,21
BRDA:263,20,1,21
BRDA:273,21,0,4
BRDA:273,21,1,38
BRDA:275,22,0,2
BRDA:275,22,1,2
BRDA:278,23,0,4
BRDA:278,23,1,34
BRDA:280,24,0,2
BRDA:280,24,1,2
BRDA:291,25,0,17
BRDA:291,25,1,17
BRDA:292,26,0,17
BRDA:292,26,1,17
BRDA:294,27,0,10
BRDA:294,27,1,24
BRDA:295,28,0,0
BRDA:295,28,1,10
BRDA:305,29,0,22
BRDA:305,29,1,12
BRDA:310,30,0,22
BRDA:310,30,1,12
BRDA:311,31,0,10
BRDA:311,31,1,12
BRDA:312,32,0,10
BRDA:312,32,1,12
BRDA:315,33,0,4
BRDA:315,33,1,30
BRDA:393,34,0,0
BRDA:393,34,1,26
BRDA:404,35,0,26
BRDA:404,35,1,0
BRDA:413,36,0,11
BRDA:413,36,1,15
BRDA:421,37,0,10
BRDA:421,37,1,16
BRDA:455,38,0,22
BRDA:455,38,1,20
BRDA:456,39,0,1
BRDA:456,39,1,21
BRDA:457,40,0,1
BRDA:457,40,1,20
BRDA:458,41,0,4
BRDA:458,41,1,16
BRDA:459,42,0,1
BRDA:459,42,1,15
BRDA:460,43,0,15
BRDA:460,43,1,1
BRDA:462,44,0,25
BRDA:462,44,1,24
BRDA:462,44,2,19
BRDA:463,45,0,1
BRDA:463,45,1,2
BRDA:463,46,0,2
BRDA:463,46,1,2
BRDA:491,47,0,2
BRDA:491,47,1,2
BRDA:492,48,0,2
BRDA:492,48,1,2
BRDA:524,49,0,0
BRDA:524,49,1,0
BRDA:529,50,0,0
BRDA:529,50,1,0
BRDA:554,51,0,0
BRDA:554,51,1,0
BRDA:627,52,0,0
BRDA:627,52,1,2
BRDA:629,53,0,0
BRDA:629,53,1,0
BRDA:661,54,0,2
BRDA:661,54,1,0
BRDA:671,55,0,0
BRDA:671,55,1,14
BRDA:679,56,0,4
BRDA:679,56,1,10
BRDA:679,57,0,14
BRDA:679,57,1,12
BRDA:689,58,0,4
BRDA:689,58,1,10
BRDA:689,59,0,14
BRDA:689,59,1,12
BRDA:696,60,0,0
BRDA:696,60,1,14
BRDA:696,61,0,14
BRDA:696,61,1,2
BRDA:721,62,0,4
BRDA:721,62,1,0
BRDA:721,63,0,4
BRDA:721,63,1,2
BRDA:722,64,0,0
BRDA:722,64,1,0
BRDA:722,65,0,0
BRDA:722,65,1,0
BRDA:723,66,0,0
BRDA:723,66,1,0
BRDA:723,67,0,0
BRDA:723,67,1,0
BRDA:724,68,0,0
BRDA:724,68,1,0
BRDA:724,69,0,0
BRDA:724,69,1,0
BRDA:725,70,0,0
BRDA:725,70,1,0
BRDA:725,71,0,0
BRDA:725,71,1,0
BRDA:726,72,0,0
BRDA:726,72,1,0
BRDA:726,73,0,0
BRDA:726,73,1,0
BRDA:727,74,0,0
BRDA:727,74,1,0
BRDA:727,75,0,0
BRDA:727,75,1,0
BRDA:728,76,0,0
BRDA:728,76,1,0
BRDA:728,77,0,0
BRDA:728,77,1,0
BRDA:749,78,0,0
BRDA:749,78,1,0
BRDA:750,79,0,0
BRDA:750,79,1,0
BRDA:760,80,0,0
BRDA:760,80,1,0
BRDA:760,81,0,0
BRDA:760,81,1,0
BRDA:760,81,2,0
BRDA:760,81,3,0
BRDA:760,81,4,0
BRDA:760,81,5,0
BRDA:765,82,0,0
BRDA:765,82,1,0
BRDA:766,83,0,0
BRDA:766,83,1,0
BRDA:768,84,0,0
BRDA:768,84,1,0
BRDA:769,85,0,0
BRDA:769,85,1,0
BRDA:781,86,0,0
BRDA:781,86,1,0
BRDA:781,87,0,0
BRDA:781,87,1,0
BRDA:781,87,2,0
BRDA:788,88,0,0
BRDA:788,88,1,0
BRDA:788,89,0,0
BRDA:788,89,1,0
BRDA:788,89,2,0
BRDA:797,90,0,0
BRDA:797,90,1,0
BRDA:797,91,0,0
BRDA:797,91,1,0
BRDA:797,91,2,0
BRDA:804,92,0,0
BRDA:804,92,1,0
BRDA:804,93,0,0
BRDA:804,93,1,0
BRDA:804,93,2,0
BRF:195
BRH:99
end_of_record
